<?xml version="1.0" encoding="UTF-8"?>
<!-- Generated by org.testng.reporters.JUnitReportReporter -->
<testsuite hostname="LTIN519067" failures="0" tests="12" name="testCases.TC_001_News_Around_Cognizant" time="343.568" errors="0" timestamp="2024-03-29T17:27:52 IST" skipped="0">
  <testcase classname="testCases.TC_001_News_Around_Cognizant" name="validateUser" time="15.615"/>
  <testcase classname="testCases.TC_001_News_Around_Cognizant" name="validateUser" time="15.880"/>
  <testcase classname="testCases.TC_001_News_Around_Cognizant" name="validationOfAroundCognizant" time="3.137"/>
  <testcase classname="testCases.TC_001_News_Around_Cognizant" name="validationOfAroundCognizant" time="3.119"/>
  <testcase classname="testCases.TC_001_News_Around_Cognizant" name="newsAroundCognizantFirstPage" time="5.408"/>
  <testcase classname="testCases.TC_001_News_Around_Cognizant" name="newsAroundCognizantFirstPage" time="6.317"/>
  <testcase classname="testCases.TC_001_News_Around_Cognizant" name="clickSeeAll" time="9.232"/>
  <testcase classname="testCases.TC_001_News_Around_Cognizant" name="clickSeeAll" time="9.249"/>
  <testcase classname="testCases.TC_001_News_Around_Cognizant" name="SecondPage" time="5.370"/>
  <testcase classname="testCases.TC_001_News_Around_Cognizant" name="SecondPage" time="5.291"/>
  <testcase classname="testCases.TC_001_News_Around_Cognizant" name="top5News" time="132.745"/>
  <testcase classname="testCases.TC_001_News_Around_Cognizant" name="top5News" time="132.205"/>
</testsuite> <!-- testCases.TC_001_News_Around_Cognizant -->
